  gameSelection.cpp
F:\school-project-assignment-brain-drain\Application\BrainDrain\gameSelection.cpp(44,129): warning C4244: 'argument': conversion from 'float' to 'int', possible loss of data
F:\school-project-assignment-brain-drain\Application\BrainDrain\gameSelection.cpp(44,62): warning C4244: 'argument': conversion from 'float' to 'int', possible loss of data
F:\school-project-assignment-brain-drain\Application\BrainDrain\gameSelection.cpp(48,129): warning C4244: 'argument': conversion from 'float' to 'int', possible loss of data
F:\school-project-assignment-brain-drain\Application\BrainDrain\gameSelection.cpp(48,62): warning C4244: 'argument': conversion from 'float' to 'int', possible loss of data
F:\school-project-assignment-brain-drain\Application\BrainDrain\gameSelection.cpp(52,137): warning C4244: 'argument': conversion from 'float' to 'int', possible loss of data
F:\school-project-assignment-brain-drain\Application\BrainDrain\gameSelection.cpp(52,66): warning C4244: 'argument': conversion from 'float' to 'int', possible loss of data
F:\school-project-assignment-brain-drain\Application\BrainDrain\gameSelection.cpp(54,108): warning C4244: 'argument': conversion from 'double' to 'int', possible loss of data
  madScientists.cpp
F:\school-project-assignment-brain-drain\Application\BrainDrain\madScientists.cpp(26,17): warning C4244: '=': conversion from 'int' to 'float', possible loss of data
F:\school-project-assignment-brain-drain\Application\BrainDrain\madScientists.cpp(27,17): warning C4244: '=': conversion from 'int' to 'float', possible loss of data
F:\school-project-assignment-brain-drain\Application\BrainDrain\madScientists.cpp(36,17): warning C4244: '=': conversion from 'int' to 'float', possible loss of data
F:\school-project-assignment-brain-drain\Application\BrainDrain\madScientists.cpp(37,17): warning C4244: '=': conversion from 'int' to 'float', possible loss of data
F:\school-project-assignment-brain-drain\Application\BrainDrain\madScientists.cpp(96,28): warning C4244: 'argument': conversion from 'float' to 'int', possible loss of data
F:\school-project-assignment-brain-drain\Application\BrainDrain\madScientists.cpp(96,24): warning C4244: 'argument': conversion from 'float' to 'int', possible loss of data
F:\school-project-assignment-brain-drain\Application\BrainDrain\madScientists.cpp(97,28): warning C4244: 'argument': conversion from 'float' to 'int', possible loss of data
F:\school-project-assignment-brain-drain\Application\BrainDrain\madScientists.cpp(97,24): warning C4244: 'argument': conversion from 'float' to 'int', possible loss of data
F:\school-project-assignment-brain-drain\Application\BrainDrain\madScientists.cpp(98,28): warning C4244: 'argument': conversion from 'float' to 'int', possible loss of data
F:\school-project-assignment-brain-drain\Application\BrainDrain\madScientists.cpp(98,24): warning C4244: 'argument': conversion from 'float' to 'int', possible loss of data
F:\school-project-assignment-brain-drain\Application\BrainDrain\madScientists.cpp(99,28): warning C4244: 'argument': conversion from 'float' to 'int', possible loss of data
F:\school-project-assignment-brain-drain\Application\BrainDrain\madScientists.cpp(99,24): warning C4244: 'argument': conversion from 'float' to 'int', possible loss of data
  main.cpp
  mainMenu.cpp
F:\school-project-assignment-brain-drain\Application\BrainDrain\mainMenu.cpp(54,62): warning C4244: 'argument': conversion from 'float' to 'int', possible loss of data
F:\school-project-assignment-brain-drain\Application\BrainDrain\mainMenu.cpp(54,45): warning C4244: 'argument': conversion from 'float' to 'int', possible loss of data
F:\school-project-assignment-brain-drain\Application\BrainDrain\mainMenu.cpp(57,74): warning C4244: 'argument': conversion from 'float' to 'int', possible loss of data
F:\school-project-assignment-brain-drain\Application\BrainDrain\mainMenu.cpp(57,53): warning C4244: 'argument': conversion from 'float' to 'int', possible loss of data
F:\school-project-assignment-brain-drain\Application\BrainDrain\mainMenu.cpp(60,62): warning C4244: 'argument': conversion from 'float' to 'int', possible loss of data
F:\school-project-assignment-brain-drain\Application\BrainDrain\mainMenu.cpp(60,45): warning C4244: 'argument': conversion from 'float' to 'int', possible loss of data
  Generating Code...
  BrainDrain.vcxproj -> F:\school-project-assignment-brain-drain\Application\x64\Debug\BrainDrain.exe
